<?xml version="1.0" encoding="UTF-8"?>
<!-- Generated by org.testng.reporters.JUnitReportReporter -->
<testsuite hostname="DESKTOP-RGHPT2R" name="testcases.LoginTest" tests="2" failures="0" timestamp="3 Jun 2018 06:02:09 GMT" time="21.557" errors="0">
  <testcase name="addToCart" time="12.088" classname="testcases.LoginTest"/>
  <testcase name="login" time="9.469" classname="testcases.LoginTest"/>
</testsuite> <!-- testcases.LoginTest -->
