<?xml version="1.0" encoding="UTF-8"?>
<!-- Generated by org.testng.reporters.JUnitReportReporter -->
<testsuite hostname="DESKTOP-RGHPT2R" name="testcases.LoginTest" tests="2" failures="0" timestamp="2 Jun 2018 06:11:54 GMT" time="23.068" errors="0">
  <testcase name="addToCart" time="13.042" classname="testcases.LoginTest"/>
  <testcase name="login" time="10.026" classname="testcases.LoginTest"/>
</testsuite> <!-- testcases.LoginTest -->
